e:\wrk\coursera\coursera\debug\vc140.pdb
e:\wrk\coursera\coursera\debug\vc140.idb
e:\wrk\coursera\coursera\debug\task_2_8.obj
e:\wrk\coursera\debug\coursera.ilk
e:\wrk\coursera\debug\coursera.exe
e:\wrk\coursera\debug\coursera.pdb
e:\wrk\coursera\coursera\debug\task_1_8.obj
e:\wrk\coursera\coursera\debug\task_1_9.obj
e:\wrk\coursera\coursera\debug\task_2_1.obj
e:\wrk\coursera\coursera\debug\task_2_2.obj
e:\wrk\coursera\coursera\debug\task_2_3.obj
e:\wrk\coursera\coursera\debug\task_2_4.obj
e:\wrk\coursera\coursera\debug\task_2_5.obj
e:\wrk\coursera\coursera\debug\task_2_6.obj
e:\wrk\coursera\coursera\debug\task_2_7.obj
e:\wrk\coursera\coursera\debug\task_2_8.obj.enc
e:\wrk\coursera\coursera\debug\coursera.tlog\cl.command.1.tlog
e:\wrk\coursera\coursera\debug\coursera.tlog\cl.read.1.tlog
e:\wrk\coursera\coursera\debug\coursera.tlog\cl.write.1.tlog
e:\wrk\coursera\coursera\debug\coursera.tlog\link.command.1.tlog
e:\wrk\coursera\coursera\debug\coursera.tlog\link.read.1.tlog
e:\wrk\coursera\coursera\debug\coursera.tlog\link.write.1.tlog
